c:\users\9200\desktop\work\p2p\pjsip\pjhelloworld\pjlib-util\build\debug\vc120.pdb
c:\users\9200\desktop\work\p2p\pjsip\pjhelloworld\pjlib-util\build\debug\srv_resolver.obj
c:\users\9200\desktop\work\p2p\pjsip\pjhelloworld\pjlib-util\build\debug\sha1.obj
c:\users\9200\desktop\work\p2p\pjsip\pjhelloworld\pjlib-util\build\debug\scanner.obj
c:\users\9200\desktop\work\p2p\pjsip\pjhelloworld\pjlib-util\build\debug\resolver.obj
c:\users\9200\desktop\work\p2p\pjsip\pjhelloworld\pjlib-util\build\debug\pcap.obj
c:\users\9200\desktop\work\p2p\pjsip\pjhelloworld\pjlib-util\build\debug\md5.obj
c:\users\9200\desktop\work\p2p\pjsip\pjhelloworld\pjlib-util\build\debug\json.obj
c:\users\9200\desktop\work\p2p\pjsip\pjhelloworld\pjlib-util\build\debug\http_client.obj
c:\users\9200\desktop\work\p2p\pjsip\pjhelloworld\pjlib-util\build\debug\hmac_sha1.obj
c:\users\9200\desktop\work\p2p\pjsip\pjhelloworld\pjlib-util\build\debug\hmac_md5.obj
c:\users\9200\desktop\work\p2p\pjsip\pjhelloworld\pjlib-util\build\debug\getopt.obj
c:\users\9200\desktop\work\p2p\pjsip\pjhelloworld\pjlib-util\build\debug\errno.obj
c:\users\9200\desktop\work\p2p\pjsip\pjhelloworld\pjlib-util\build\debug\dns_server.obj
c:\users\9200\desktop\work\p2p\pjsip\pjhelloworld\pjlib-util\build\debug\dns_dump.obj
c:\users\9200\desktop\work\p2p\pjsip\pjhelloworld\pjlib-util\build\debug\dns.obj
c:\users\9200\desktop\work\p2p\pjsip\pjhelloworld\pjlib-util\build\debug\crc32.obj
c:\users\9200\desktop\work\p2p\pjsip\pjhelloworld\pjlib-util\build\debug\cli_telnet.obj
c:\users\9200\desktop\work\p2p\pjsip\pjhelloworld\pjlib-util\build\debug\cli_console.obj
c:\users\9200\desktop\work\p2p\pjsip\pjhelloworld\pjlib-util\build\debug\cli.obj
c:\users\9200\desktop\work\p2p\pjsip\pjhelloworld\pjlib-util\build\debug\base64.obj
c:\users\9200\desktop\work\p2p\pjsip\pjhelloworld\pjlib-util\build\debug\xml.obj
c:\users\9200\desktop\work\p2p\pjsip\pjhelloworld\pjlib-util\build\debug\symbols.obj
c:\users\9200\desktop\work\p2p\pjsip\pjhelloworld\pjlib-util\build\debug\stun_simple_client.obj
c:\users\9200\desktop\work\p2p\pjsip\pjhelloworld\pjlib-util\build\debug\stun_simple.obj
c:\users\9200\desktop\work\p2p\pjsip\pjhelloworld\pjlib-util\build\debug\string.obj
c:\users\9200\desktop\work\p2p\pjsip\pjhelloworld\debug\pjlib_util.lib
c:\users\9200\desktop\work\p2p\pjsip\pjhelloworld\pjlib-util\build\debug\pjlib_util.tlog\cl.command.1.tlog
c:\users\9200\desktop\work\p2p\pjsip\pjhelloworld\pjlib-util\build\debug\pjlib_util.tlog\cl.read.1.tlog
c:\users\9200\desktop\work\p2p\pjsip\pjhelloworld\pjlib-util\build\debug\pjlib_util.tlog\cl.write.1.tlog
c:\users\9200\desktop\work\p2p\pjsip\pjhelloworld\pjlib-util\build\debug\pjlib_util.tlog\lib-link.read.1.tlog
c:\users\9200\desktop\work\p2p\pjsip\pjhelloworld\pjlib-util\build\debug\pjlib_util.tlog\lib-link.write.1.tlog
c:\users\9200\desktop\work\p2p\pjsip\pjhelloworld\pjlib-util\build\debug\pjlib_util.tlog\lib.command.1.tlog
