c:\users\9200\desktop\work\p2p\pjsip\pjhelloworld\pjlib\build\debug\vc120.pdb
c:\users\9200\desktop\work\p2p\pjsip\pjhelloworld\pjlib\build\debug\os_core_win32.obj
c:\users\9200\desktop\work\p2p\pjsip\pjhelloworld\pjlib\build\debug\log_writer_stdout.obj
c:\users\9200\desktop\work\p2p\pjsip\pjhelloworld\pjlib\build\debug\log.obj
c:\users\9200\desktop\work\p2p\pjsip\pjhelloworld\pjlib\build\debug\lock.obj
c:\users\9200\desktop\work\p2p\pjsip\pjhelloworld\pjlib\build\debug\list.obj
c:\users\9200\desktop\work\p2p\pjsip\pjhelloworld\pjlib\build\debug\ip_helper_win32.obj
c:\users\9200\desktop\work\p2p\pjsip\pjhelloworld\pjlib\build\debug\ioqueue_select.obj
c:\users\9200\desktop\work\p2p\pjsip\pjhelloworld\pjlib\build\debug\hash.obj
c:\users\9200\desktop\work\p2p\pjsip\pjhelloworld\pjlib\build\debug\guid_win32.obj
c:\users\9200\desktop\work\p2p\pjsip\pjhelloworld\pjlib\build\debug\guid.obj
c:\users\9200\desktop\work\p2p\pjsip\pjhelloworld\pjlib\build\debug\file_io_win32.obj
c:\users\9200\desktop\work\p2p\pjsip\pjhelloworld\pjlib\build\debug\file_access_win32.obj
c:\users\9200\desktop\work\p2p\pjsip\pjhelloworld\pjlib\build\debug\fifobuf.obj
c:\users\9200\desktop\work\p2p\pjsip\pjhelloworld\pjlib\build\debug\except.obj
c:\users\9200\desktop\work\p2p\pjsip\pjhelloworld\pjlib\build\debug\errno.obj
c:\users\9200\desktop\work\p2p\pjsip\pjhelloworld\pjlib\build\debug\ctype.obj
c:\users\9200\desktop\work\p2p\pjsip\pjhelloworld\pjlib\build\debug\config.obj
c:\users\9200\desktop\work\p2p\pjsip\pjhelloworld\pjlib\build\debug\array.obj
c:\users\9200\desktop\work\p2p\pjsip\pjhelloworld\pjlib\build\debug\addr_resolv_sock.obj
c:\users\9200\desktop\work\p2p\pjsip\pjhelloworld\pjlib\build\debug\activesock.obj
c:\users\9200\desktop\work\p2p\pjsip\pjhelloworld\pjlib\build\debug\ssl_sock_common.obj
c:\users\9200\desktop\work\p2p\pjsip\pjhelloworld\pjlib\build\debug\sock_select.obj
c:\users\9200\desktop\work\p2p\pjsip\pjhelloworld\pjlib\build\debug\sock_qos_wm.obj
c:\users\9200\desktop\work\p2p\pjsip\pjhelloworld\pjlib\build\debug\sock_qos_dummy.obj
c:\users\9200\desktop\work\p2p\pjsip\pjhelloworld\pjlib\build\debug\sock_qos_common.obj
c:\users\9200\desktop\work\p2p\pjsip\pjhelloworld\pjlib\build\debug\sock_qos_bsd.obj
c:\users\9200\desktop\work\p2p\pjsip\pjhelloworld\pjlib\build\debug\sock_common.obj
c:\users\9200\desktop\work\p2p\pjsip\pjhelloworld\pjlib\build\debug\sock_bsd.obj
c:\users\9200\desktop\work\p2p\pjsip\pjhelloworld\pjlib\build\debug\rbtree.obj
c:\users\9200\desktop\work\p2p\pjsip\pjhelloworld\pjlib\build\debug\rand.obj
c:\users\9200\desktop\work\p2p\pjsip\pjhelloworld\pjlib\build\debug\pool_policy_malloc.obj
c:\users\9200\desktop\work\p2p\pjsip\pjhelloworld\pjlib\build\debug\pool_dbg.obj
c:\users\9200\desktop\work\p2p\pjsip\pjhelloworld\pjlib\build\debug\pool_caching.obj
c:\users\9200\desktop\work\p2p\pjsip\pjhelloworld\pjlib\build\debug\pool_buf.obj
c:\users\9200\desktop\work\p2p\pjsip\pjhelloworld\pjlib\build\debug\pool.obj
c:\users\9200\desktop\work\p2p\pjsip\pjhelloworld\pjlib\build\debug\os_time_win32.obj
c:\users\9200\desktop\work\p2p\pjsip\pjhelloworld\pjlib\build\debug\os_timestamp_win32.obj
c:\users\9200\desktop\work\p2p\pjsip\pjhelloworld\pjlib\build\debug\os_timestamp_common.obj
c:\users\9200\desktop\work\p2p\pjsip\pjhelloworld\pjlib\build\debug\os_info.obj
c:\users\9200\desktop\work\p2p\pjsip\pjhelloworld\pjlib\build\debug\os_error_win32.obj
c:\users\9200\desktop\work\p2p\pjsip\pjhelloworld\pjlib\build\debug\unicode_win32.obj
c:\users\9200\desktop\work\p2p\pjsip\pjhelloworld\pjlib\build\debug\types.obj
c:\users\9200\desktop\work\p2p\pjsip\pjhelloworld\pjlib\build\debug\timer.obj
c:\users\9200\desktop\work\p2p\pjsip\pjhelloworld\pjlib\build\debug\string.obj
c:\users\9200\desktop\work\p2p\pjsip\pjhelloworld\pjlib\build\debug\ssl_sock_ossl.obj
c:\users\9200\desktop\work\p2p\pjsip\pjhelloworld\pjlib\build\debug\ssl_sock_dump.obj
c:\users\9200\desktop\work\p2p\pjsip\pjhelloworld\lib\pjlib.lib
c:\users\9200\desktop\work\p2p\pjsip\pjhelloworld\pjlib\build\debug\pjlib.tlog\cl.command.1.tlog
c:\users\9200\desktop\work\p2p\pjsip\pjhelloworld\pjlib\build\debug\pjlib.tlog\cl.read.1.tlog
c:\users\9200\desktop\work\p2p\pjsip\pjhelloworld\pjlib\build\debug\pjlib.tlog\cl.write.1.tlog
c:\users\9200\desktop\work\p2p\pjsip\pjhelloworld\pjlib\build\debug\pjlib.tlog\lib-link.read.1.tlog
c:\users\9200\desktop\work\p2p\pjsip\pjhelloworld\pjlib\build\debug\pjlib.tlog\lib-link.write.1.tlog
c:\users\9200\desktop\work\p2p\pjsip\pjhelloworld\pjlib\build\debug\pjlib.tlog\lib.command.1.tlog
