已經開始建置於 2015/3/25 下午 12:16:04。
     1>節點 2 (Rebuild 目標) 上的專案 "C:\Users\9200\Desktop\WORK\P2P\pjsip\pjhelloworld\pjlib\build\pjlib.vcxproj"。
     1>ClCompile:
         C:\Program Files (x86)\Microsoft Visual Studio 12.0\VC\bin\CL.exe /c /I../include /Zi /nologo /W1 /WX- /O2 /Oy- /D _LIB /D _MBCS /Gm- /EHsc /MD /GS /fp:precise /Zc:wchar_t /Zc:forScope /Fo"Debug\\" /Fd"Debug\vc120.pdb" /Gd /TC /analyze- /errorReport:prompt ..\src\pj\activesock.c ..\src\pj\addr_resolv_sock.c ..\src\pj\array.c ..\src\pj\config.c ..\src\pj\ctype.c ..\src\pj\errno.c ..\src\pj\except.c ..\src\pj\fifobuf.c ..\src\pj\file_access_win32.c ..\src\pj\file_io_win32.c ..\src\pj\guid.c ..\src\pj\guid_win32.c ..\src\pj\hash.c ..\src\pj\ioqueue_select.c ..\src\pj\ip_helper_win32.c ..\src\pj\list.c ..\src\pj\lock.c ..\src\pj\log.c ..\src\pj\log_writer_stdout.c ..\src\pj\os_core_win32.c ..\src\pj\os_error_win32.c ..\src\pj\os_info.c ..\src\pj\os_timestamp_common.c ..\src\pj\os_timestamp_win32.c ..\src\pj\os_time_win32.c ..\src\pj\pool.c ..\src\pj\pool_buf.c ..\src\pj\pool_caching.c ..\src\pj\pool_dbg.c ..\src\pj\pool_policy_malloc.c ..\src\pj\rand.c ..\src\pj\rbtree.c ..\src\pj\sock_bsd.c ..\src\pj\sock_common.c ..\src\pj\sock_qos_bsd.c ..\src\pj\sock_qos_common.c ..\src\pj\sock_qos_dummy.c ..\src\pj\sock_qos_wm.c ..\src\pj\sock_select.c ..\src\pj\ssl_sock_common.c ..\src\pj\ssl_sock_dump.c ..\src\pj\ssl_sock_ossl.c ..\src\pj\string.c ..\src\pj\timer.c ..\src\pj\types.c ..\src\pj\unicode_win32.c
         activesock.c
         addr_resolv_sock.c
         array.c
         config.c
         ctype.c
         errno.c
         except.c
         fifobuf.c
         file_access_win32.c
         file_io_win32.c
         guid.c
         guid_win32.c
         hash.c
         ioqueue_select.c
         ip_helper_win32.c
         list.c
         lock.c
         log.c
         log_writer_stdout.c
         os_core_win32.c
         正在產生程式碼...
         正在編譯...
         os_error_win32.c
         os_info.c
         os_timestamp_common.c
         os_timestamp_win32.c
         os_time_win32.c
         pool.c
         pool_buf.c
         pool_caching.c
         pool_dbg.c
         pool_policy_malloc.c
         rand.c
         rbtree.c
         sock_bsd.c
         sock_common.c
         sock_qos_bsd.c
         sock_qos_common.c
         sock_qos_dummy.c
         sock_qos_wm.c
         sock_select.c
         ssl_sock_common.c
         正在產生程式碼...
         正在編譯...
         ssl_sock_dump.c
         ssl_sock_ossl.c
         string.c
         timer.c
         types.c
         unicode_win32.c
         正在產生程式碼...
       Lib:
         C:\Program Files (x86)\Microsoft Visual Studio 12.0\VC\bin\Lib.exe /OUT:"C:\Users\9200\Desktop\WORK\P2P\pjsip\pjhelloworld\Debug\pjlib.lib" /NOLOGO Debug\activesock.obj
         Debug\addr_resolv_sock.obj
         Debug\array.obj
         Debug\config.obj
         Debug\ctype.obj
         Debug\errno.obj
         Debug\except.obj
         Debug\fifobuf.obj
         Debug\file_access_win32.obj
         Debug\file_io_win32.obj
         Debug\guid.obj
         Debug\guid_win32.obj
         Debug\hash.obj
         Debug\ioqueue_select.obj
         Debug\ip_helper_win32.obj
         Debug\list.obj
         Debug\lock.obj
         Debug\log.obj
         Debug\log_writer_stdout.obj
         Debug\os_core_win32.obj
         Debug\os_error_win32.obj
         Debug\os_info.obj
         Debug\os_timestamp_common.obj
         Debug\os_timestamp_win32.obj
         Debug\os_time_win32.obj
         Debug\pool.obj
         Debug\pool_buf.obj
         Debug\pool_caching.obj
         Debug\pool_dbg.obj
         Debug\pool_policy_malloc.obj
         Debug\rand.obj
         Debug\rbtree.obj
         Debug\sock_bsd.obj
         Debug\sock_common.obj
         Debug\sock_qos_bsd.obj
         Debug\sock_qos_common.obj
         Debug\sock_qos_dummy.obj
         Debug\sock_qos_wm.obj
         Debug\sock_select.obj
         Debug\ssl_sock_common.obj
         Debug\ssl_sock_dump.obj
         Debug\ssl_sock_ossl.obj
         Debug\string.obj
         Debug\timer.obj
         Debug\types.obj
         Debug\unicode_win32.obj
         pjlib.vcxproj -> C:\Users\9200\Desktop\WORK\P2P\pjsip\pjhelloworld\Debug\pjlib.lib
     1>專案 "C:\Users\9200\Desktop\WORK\P2P\pjsip\pjhelloworld\pjlib\build\pjlib.vcxproj" (Rebuild 目標) 建置完成。

建置成功。

經過時間 00:00:03.73
