c:\users\9200\desktop\work\p2p\pjsip\pjhelloworld\pjnath\build\debug\vc120.pdb
c:\users\9200\desktop\work\p2p\pjsip\pjhelloworld\pjnath\build\debug\turn_sock.obj
c:\users\9200\desktop\work\p2p\pjsip\pjhelloworld\pjnath\build\debug\turn_session.obj
c:\users\9200\desktop\work\p2p\pjsip\pjhelloworld\pjnath\build\debug\stun_transaction.obj
c:\users\9200\desktop\work\p2p\pjsip\pjhelloworld\pjnath\build\debug\stun_sock.obj
c:\users\9200\desktop\work\p2p\pjsip\pjhelloworld\pjnath\build\debug\stun_session.obj
c:\users\9200\desktop\work\p2p\pjsip\pjhelloworld\pjnath\build\debug\stun_msg_dump.obj
c:\users\9200\desktop\work\p2p\pjsip\pjhelloworld\pjnath\build\debug\stun_msg.obj
c:\users\9200\desktop\work\p2p\pjsip\pjhelloworld\pjnath\build\debug\stun_auth.obj
c:\users\9200\desktop\work\p2p\pjsip\pjhelloworld\pjnath\build\debug\nat_detect.obj
c:\users\9200\desktop\work\p2p\pjsip\pjhelloworld\pjnath\build\debug\ice_strans.obj
c:\users\9200\desktop\work\p2p\pjsip\pjhelloworld\pjnath\build\debug\ice_session.obj
c:\users\9200\desktop\work\p2p\pjsip\pjhelloworld\pjnath\build\debug\errno.obj
c:\users\9200\desktop\work\p2p\pjsip\pjhelloworld\debug\pjnath.lib
c:\users\9200\desktop\work\p2p\pjsip\pjhelloworld\pjnath\build\debug\pjnath.tlog\cl.command.1.tlog
c:\users\9200\desktop\work\p2p\pjsip\pjhelloworld\pjnath\build\debug\pjnath.tlog\cl.read.1.tlog
c:\users\9200\desktop\work\p2p\pjsip\pjhelloworld\pjnath\build\debug\pjnath.tlog\cl.write.1.tlog
c:\users\9200\desktop\work\p2p\pjsip\pjhelloworld\pjnath\build\debug\pjnath.tlog\lib-link.read.1.tlog
c:\users\9200\desktop\work\p2p\pjsip\pjhelloworld\pjnath\build\debug\pjnath.tlog\lib-link.write.1.tlog
c:\users\9200\desktop\work\p2p\pjsip\pjhelloworld\pjnath\build\debug\pjnath.tlog\lib.command.1.tlog
